=====================================
LOG_FILE_OPEN
=====================================

=====================================
ALLOCATION
Memory:       0x000002c10b751430
Number:       32
Element size: 1
=====================================

=====================================
REALLOCATION
Old memory:   0x000002c10b751430
Old size:     32
New memory:   0x000002c10b756d60
New size:     48
=====================================

=====================================
REALLOCATION
Old memory:   0x000002c10b756d60
Old size:     48
New memory:   0x000002c10b756d60
New size:     80
=====================================

=====================================
REALLOCATION
Old memory:   0x000002c10b756d60
Old size:     80
New memory:   0x000002c10b756d60
New size:     144
=====================================

=====================================
REALLOCATION
Old memory:   0x000002c10b756d60
Old size:     144
New memory:   0x000002c10b756d60
New size:     272
=====================================

=====================================
REALLOCATION
Old memory:   0x000002c10b756d60
Old size:     272
New memory:   0x000002c10b756d60
New size:     528
=====================================

=====================================
FREE
Memory:       0x000002c10b756d60
=====================================

=====================================
LOG_FILE_CLOSE
=====================================

