stack_t[0x0000006595bffb50] initialized in main.cpp:20 as 'stack_t st'
dump called from src\stack.cpp:202 (stack_pop)
ERROR_CODE = 0x9(STACK_MEMORY_ATTACK)
{
		---CANARIES---
	canary_left       = 0x652f1526bd;
	data_canary_left  = 0x1d35702b375;
	data_canary_right = 0x1d32da89176;
	canary_right      = 0x6555bf04be;
		---HASHES---
	structure_hash    = 0x4114a79b96a5352b;
	data_hash         = 0xdd44c0981a1b314a;
		---DEFAULT_INFO---
	size              =   21;
	capacity          =   32;
	element_size      =   1;
		---MEMBERS---
	data[0x000001d3eda86e98]:
	   *[0] = a;
	   *[1] = b;
	   *[2] = c;
	   *[3] = d;
	   *[4] = 1;
	   *[5] = f;
	   *[6] = g;
	   *[7] = h;
	   *[8] = i;
	   *[9] = j;
	   *[10] = k;
	   *[11] = l;
	   *[12] = m;
	   *[13] = n;
	   *[14] = o;
	   *[15] = p;
	   *[16] = r;
	   *[17] = s;
	   *[18] = t;
	   *[19] = 1;
	   *[20] = 2;
		[21] = --- (POISON)
		[22] = --- (POISON)
		[23] = --- (POISON)
		[24] = --- (POISON)
		[25] = --- (POISON)
		[26] = --- (POISON)
		[27] = --- (POISON)
		[28] = --- (POISON)
		[29] = --- (POISON)
		[30] = --- (POISON)
		[31] = --- (POISON)
}

